The HCMV genome (NC_006273.2) has 169 CDS.

sample	condition	min_tpm	med_tpm	mean_tpm	max_tpm
SRR566030	2dpi	0.0	1928.92	5917.16	81552.5
SRR566033	6dpi	0.0	2272.94	5917.16	126305.0
SRR566044	2pi	0.0	1907.09	5917.16	243236.0
SRR566045	6dpi	0.0	1193.78	5917.16	324313.0

target_id	test_stat	pval	qval
YP_081539.1	16.8719035821482	3.9989159249433e-05	0.00264810883936061
YP_081538.1	15.8592609034477	6.82318050441855e-05	0.00264810883936061
YP_081530.1	15.6980445846324	7.43009441208027e-05	0.00264810883936061
YP_081540.1	15.5289001844618	8.12534774695753e-05	0.00264810883936061
YP_081547.1	15.4824726576527	8.32738628729751e-05	0.00264810883936061
YP_081552.1	14.4776348845535	0.000141833562525084	0.00375858940691472
YP_081551.1	12.7665535077836	0.000352872405649236	0.00801524464260406
YP_081577.1	11.4998859532702	0.000696004602843081	0.0136817569498427
YP_081521.1	11.0589466748772	0.00088260270400729	0.0136817569498427
YP_081489.1	10.9705292616483	0.000925723174182292	0.0136817569498427
YP_081574.1	10.9293310886684	0.000946536644328738	0.0136817569498427
YP_081490.1	10.6645078913288	0.00109210903788796	0.0144704447520154
YP_081576.1	10.1847376306844	0.00141607869083254	0.0173197316801826
YP_081613.1	8.5939642845351	0.00337278979690944	0.0362732102371095
YP_081600.1	8.41822034907524	0.00371479227176351	0.0362732102371095
YP_081520.1	8.40585153248165	0.00374015162344519	0.0362732102371095
YP_081522.1	8.33994941348148	0.00387826776120039	0.0362732102371095
YP_081533.1	7.95932281050767	0.0047840310072021	0.0422589405636185
YP_081601.1	7.8500828266701	0.00508183790081509	0.0425269592752421

sacc	pident	length	qstart	qend	sstart	send	bitscore	evalue	stitle
FU763352.1	100.0	201	1	201	1678	2280	415	4.65e-134	FU763352.1 VACCINE FOR VIRUSES THAT CAUSE PERSISTENT OR LATENT INFECTIONS
KP745639.1	100.0	201	1	201	135070	135672	416	6.149999999999999e-134	KP745639.1 Human herpesvirus 5 strain BE/10/2011
KC519323.1	100.0	201	1	201	135250	135852	416	7.83e-134	KC519323.1 Human herpesvirus 5 strain BE/27/2010
AX686187.1	100.0	201	1	201	134140	134742	415	9.88e-134	AX686187.1 Sequence 64 from Patent WO02057437
X17403.1	100.0	201	1	201	134140	134742	415	9.88e-134	X17403.1 Human cytomegalovirus strain AD169 complete genome
BK000394.5	100.0	201	1	201	135073	135675	415	9.88e-134	BK000394.5 TPA_inf: Human herpesvirus 5 strain AD169 substrain varUK
MK213797.1	100.0	201	1	201	86506	85904	415	9.88e-134	MK213797.1 Human betaherpesvirus 5 isolate UCSF-1a genomic sequence
FJ527563.1	100.0	201	1	201	135097	135699	415	9.88e-134	FJ527563.1 Human herpesvirus 5 strain AD169
MN920393.1	100.0	201	1	201	134602	135204	415	9.88e-134	MN920393.1 Mutant Human betaherpesvirus 5 clone AD169-BAC20
AC146999.1	100.0	201	1	201	86506	85904	415	9.88e-134	AC146999.1 Human Herpesvirus 5 AD169-BAC isolate
